This is pdfTeX, Version 3.14159265-2.6-1.40.19 (TeX Live 2018/W32TeX) (preloaded format=pdflatex 2018.5.11)  16 MAY 2018 00:44
entering extended mode
 restricted \write18 enabled.
 file:line:error style messages enabled.
 %&-line parsing enabled.
**lump-of-meat.tex
(./lump-of-meat.tex
LaTeX2e <2018-04-01> patch level 4
Babel <3.20> and hyphenation patterns for 84 language(s) loaded.
(c:/texlive/2018/texmf-dist/tex/latex/memoir/memoir.cls
Document Class: memoir 2018/04/04 v3.7g configurable book, report, article document class
\onelineskip=\skip41
\lxvchars=\skip42
\xlvchars=\skip43
\@memcnta=\count80
\c@@memmarkcntra=\count81
(c:/texlive/2018/texmf-dist/tex/generic/oberdiek/ifpdf.sty
Package: ifpdf 2017/03/15 v3.2 Provides the ifpdf switch
) (c:/texlive/2018/texmf-dist/tex/latex/ifetex/ifetex.sty
Package: ifetex 2018/03/31 v1.2a ifetex
 (c:/texlive/2018/texmf-dist/tex/plain/ifetex/ifetex.tex)) (c:/texlive/2018/texmf-dist/tex/generic/ifxetex/ifxetex.sty
Package: ifxetex 2010/09/12 v0.6 Provides ifxetex conditional
) (c:/texlive/2018/texmf-dist/tex/generic/oberdiek/ifluatex.sty
Package: ifluatex 2016/05/16 v1.4 Provides the ifluatex switch (HO)
Package ifluatex Info: LuaTeX not detected.
)
\stockheight=\skip44
\stockwidth=\skip45
\trimtop=\skip46
\trimedge=\skip47
 (c:/texlive/2018/texmf-dist/tex/latex/memoir/mem11.clo
File: mem11.clo 2008/01/30 v0.3 memoir class 11pt size option
)
\binding=\skip48
\spinemargin=\skip49
\foremargin=\skip50
\uppermargin=\skip51
\lowermargin=\skip52
\headdrop=\skip53
\normalrulethickness=\skip54
\mem@maxheadheight=\skip55
\mem@maxfootheight=\skip56
\headwidth=\skip57
\c@storedpagenumber=\count82
\memPD=\dimen102
\m@mabparskip=\skip58
\thanksmarkwidth=\skip59
\thanksmarksep=\skip60
\droptitle=\skip61
\c@book=\count83
\c@part=\count84
\c@chapter=\count85
\c@section=\count86
\c@subsection=\count87
\c@subsubsection=\count88
\c@paragraph=\count89
\c@subparagraph=\count90
\beforechapskip=\skip62
\midchapskip=\skip63
\afterchapskip=\skip64
\chapindent=\skip65
\bottomsectionskip=\skip66
\secindent=\skip67
\beforesecskip=\skip68
\aftersecskip=\skip69
\subsecindent=\skip70
\beforesubsecskip=\skip71
\aftersubsecskip=\skip72
\subsubsecindent=\skip73
\beforesubsubsecskip=\skip74
\aftersubsubsecskip=\skip75
\paraindent=\skip76
\beforeparaskip=\skip77
\afterparaskip=\skip78
\subparaindent=\skip79
\beforesubparaskip=\skip80
\aftersubparaskip=\skip81
\pfbreakskip=\skip82
\c@@ppsavesec=\count91
\c@@ppsaveapp=\count92
\ragrparindent=\dimen103
\everylistparindent=\dimen104
\parsepi=\skip83
\topsepi=\skip84
\itemsepi=\skip85
\parsepii=\skip86
\topsepii=\skip87
\topsepiii=\skip88
\itemsepii=\skip89
\itemsepiii=\skip90
\partopsepii=\skip91
\partopsepiii=\skip92
\m@msavetopsep=\skip93
\m@msavepartopsep=\skip94
\@enLab=\toks14
\abstitleskip=\skip95
\absleftindent=\skip96
\abs@leftindent=\dimen105
\absrightindent=\skip97
\absparindent=\skip98
\absparsep=\skip99
\c@vslineno=\count93
\c@poemline=\count94
\c@modulo@vs=\count95
\c@memfvsline=\count96
\vleftskip=\skip100
\vrightskip=\skip101
\stanzaskip=\skip102
\versewidth=\skip103
\vgap=\skip104
\vindent=\skip105
\vleftmargin=\dimen106
\c@verse=\count97
\c@chrsinstr=\count98
\beforepoemtitleskip=\skip106
\afterpoemtitleskip=\skip107
\c@poem=\count99
\beforePoemTitleskip=\skip108
\midPoemTitleskip=\skip109
\afterPoemTitleskip=\skip110
\col@sep=\dimen107
\extrarowheight=\dimen108
\NC@list=\toks15
\extratabsurround=\skip111
\backup@length=\skip112
\TX@col@width=\dimen109
\TX@old@table=\dimen110
\TX@old@col=\dimen111
\TX@target=\dimen112
\TX@delta=\dimen113
\TX@cols=\count100
\TX@ftn=\toks16
\heavyrulewidth=\dimen114
\lightrulewidth=\dimen115
\cmidrulewidth=\dimen116
\belowrulesep=\dimen117
\belowbottomsep=\dimen118
\aboverulesep=\dimen119
\abovetopsep=\dimen120
\cmidrulesep=\dimen121
\cmidrulekern=\dimen122
\defaultaddspace=\dimen123
\@cmidla=\count101
\@cmidlb=\count102
\@aboverulesep=\dimen124
\@belowrulesep=\dimen125
\@thisruleclass=\count103
\@lastruleclass=\count104
\@thisrulewidth=\dimen126
\ctableftskip=\skip113
\ctabrightskip=\skip114
\abovecolumnspenalty=\count105
\@linestogo=\count106
\@cellstogo=\count107
\@cellsincolumn=\count108
\crtok=\toks17
\@mincolumnwidth=\dimen127
\c@newflo@tctr=\count109
\mem@margin@floatbox=\box26
\@contcwidth=\skip115
\@contindw=\skip116
\abovecaptionskip=\skip117
\belowcaptionskip=\skip118
\subfloattopskip=\skip119
\subfloatcapskip=\skip120
\subfloatcaptopadj=\skip121
\subfloatbottomskip=\skip122
\subfloatlabelskip=\skip123
\subfloatcapmargin=\dimen128
\c@@contsubnum=\count110
\m@mscap@capbox=\box27
\m@mscap@fbox=\box28
\sidecapsep=\dimen129
\sidecapwidth=\dimen130
\m@m@tempdima=\dimen131
\m@mscapraise=\dimen132
\sidecapraise=\dimen133
\m@mscapmainwidth=\dimen134
\m@mscaplkern=\dimen135
\beforeepigraphskip=\skip124
\afterepigraphskip=\skip125
\epigraphwidth=\skip126
\epigraphrule=\skip127
LaTeX Info: Redefining \em on input line 7578.
LaTeX Info: Redefining \emph on input line 7586.
\tocentryskip=\skip128
\tocbaseline=\skip129
\cftparskip=\skip130
\cftbeforebookskip=\skip131
\cftbookindent=\dimen136
\cftbooknumwidth=\dimen137
\cftbeforepartskip=\skip132
\cftpartindent=\skip133
\cftpartnumwidth=\skip134
\cftbeforechapterskip=\skip135
\cftchapterindent=\skip136
\cftchapternumwidth=\skip137
\cftbeforesectionskip=\skip138
\cftsectionindent=\skip139
\cftsectionnumwidth=\skip140
\cftbeforesubsectionskip=\skip141
\cftsubsectionindent=\skip142
\cftsubsectionnumwidth=\skip143
\cftbeforesubsubsectionskip=\skip144
\cftsubsubsectionindent=\skip145
\cftsubsubsectionnumwidth=\skip146
\cftbeforeparagraphskip=\skip147
\cftparagraphindent=\skip148
\cftparagraphnumwidth=\skip149
\cftbeforesubparagraphskip=\skip150
\cftsubparagraphindent=\skip151
\cftsubparagraphnumwidth=\skip152
\prechapterprecisshift=\dimen138
\c@maxsecnumdepth=\count111
\bibindent=\dimen139
\bibitemsep=\skip153
\indexcolsep=\skip154
\indexrule=\skip155
\indexmarkstyle=\toks18
\@indexbox=\insert199
\glossarycolsep=\dimen140
\glossaryrule=\dimen141
\sideparvshift=\skip156
\sideins=\insert198
\sidebartopsep=\skip157
\sidebarhsep=\skip158
\sidebarvsep=\skip159
\sidebarwidth=\skip160
\footmarkwidth=\skip161
\footmarksep=\skip162
\footparindent=\skip163
\footinsdim=\skip164
\footinsv@r=\insert197
\@mpfootinsv@r=\insert196
\m@m@k=\count112
\m@m@h=\dimen142
\m@mipn@skip=\skip165
\sidefootins=\insert195
\sidefootadjust=\skip166
\sidefootheight=\skip167
\sidefoothsep=\skip168
\sidefootvsep=\skip169
\sidefootwidth=\skip170
\m@mdownsf=\skip171
\c@sidefootnote=\count113
\sidefootmarkwidth=\skip172
\sidefootmarksep=\skip173
\sidefootparindent=\skip174
\c@pagenote=\count114
\c@pagenoteshadow=\count115
\mem@pn@lastkern=\skip175
\every@verbatim=\toks19
\afterevery@verbatim=\toks20
\verbatim@line=\toks21
\tab@position=\count116
\verbatim@in@stream=\read1
\verbatimindent=\skip176
\verbatim@out=\write3
\bvboxsep=\skip177
\c@memfbvline=\count117
\c@bvlinectr=\count118
\bvnumlength=\skip178
\fb@frw=\dimen143
\fb@frh=\dimen144
\FrameRule=\dimen145
\FrameSep=\dimen146
\c@cp@cntr=\count119
LaTeX Info: Redefining \: on input line 12100.
LaTeX Info: Redefining \! on input line 12102.
\c@ism@mctr=\count120
\c@xsm@mctr=\count121
\c@csm@mctr=\count122
\c@ksm@mctr=\count123
\c@xksm@mctr=\count124
\c@cksm@mctr=\count125
\c@msm@mctr=\count126
\c@xmsm@mctr=\count127
\c@cmsm@mctr=\count128
\c@bsm@mctr=\count129
\c@workm@mctr=\count130
\c@sheetsequence=\count131
\c@lastsheet=\count132
\c@lastpage=\count133
\c@figure=\count134
\c@lofdepth=\count135
\cftbeforefigureskip=\skip179
\cftfigureindent=\skip180
\cftfigurenumwidth=\skip181
\c@table=\count136
\c@lotdepth=\count137
\cftbeforetableskip=\skip182
\cfttableindent=\skip183
\cfttablenumwidth=\skip184
Package abstract [2008/07/23] emulated by memoir.
Package appendix [2008/07/23] emulated by memoir.
Package array [2016/10/06] emulated by memoir.
Package booktabs [2016/05/16] emulated by memoir.
Package ccaption [2008/07/23] emulated by memoir.
Package changepage [2008/07/23] emulated by memoir.
Package chngcntr [2008/07/23] emulated by memoir.
Package chngpage [2008/07/23] emulated by memoir.
Package crop emulated by memoir.
Package dcolumn [2008/07/23] emulated by memoir.
Package delarray [2014/10/28] emulated by memoir.
Package enumerate [2008/07/23] emulated by memoir.
Package epigraph [2008/07/23] emulated by memoir.
Package ifmtarg [2008/07/23] emulated by memoir.
Package index [2008/07/23] emulated by memoir.
Package makeidx [2008/07/23] emulated by memoir.
Package moreverb [2008/07/23] emulated by memoir.
Package mparhack [2008/07/23] emulated by memoir.
Package needspace [2008/07/23] emulated by memoir.
Package newfile [2008/07/23] emulated by memoir.
Package nextpage [2008/07/23] emulated by memoir.
Package pagenote [2008/07/23] emulated by memoir.
Package parskip [2008/07/23] emulated by memoir.
Package patchcmd [2008/07/23] emulated by memoir.
Package setspace [2008/07/23] emulated by memoir.
Package shortvrb [2008/07/23] emulated by memoir.
Package showidx [2008/07/23] emulated by memoir.
Package tabularx [2016/02/03] emulated by memoir.
Package titleref [2008/07/23] emulated by memoir.
Package titling [2008/07/23] emulated by memoir.
Package tocbibind [2008/07/23] emulated by memoir.
Package tocloft [2008/07/23] emulated by memoir.
Package tocvsec2 [2008/07/23] emulated by memoir.
Package verbatim [2008/07/23] emulated by memoir.
Package verse [2008/07/23] emulated by memoir.
) (c:/texlive/2018/texmf-dist/tex/latex/cjk-ko/kotex.sty
Package: kotex 2015/04/19 v1.6 Korean TeX (ko.TeX)
 (c:/texlive/2018/texmf-dist/tex/latex/kotex-utf/kotex.cfg) (c:/texlive/2018/texmf-dist/tex/latex/kotex-utf/kotexutf.sty
Package: kotexutf 2015/07/18 v2.1.1 typesetting UTF-8 Korean documents
 (c:/texlive/2018/texmf-dist/tex/latex/base/inputenc.sty
Package: inputenc 2018/04/06 v1.3b Input encoding file
\inpenc@prehook=\toks22
\inpenc@posthook=\toks23
) (c:/texlive/2018/texmf-dist/tex/plain/kotex-plain/kotexutf-core.tex
\unih@ngulpoint=\count138
\dhucs@emph@raise=\dimen147
)
Now handling font encoding LUC ...
... processing UTF-8 mapping file for font encoding LUC
 (c:/texlive/2018/texmf-dist/tex/latex/kotex-utf/lucenc.dfu
File: lucenc.dfu 2007/09/05 UTF-8 support for dhucs
   defining Unicode char U+00B7 (decimal 183)
   defining Unicode char U+2018 (decimal 8216)
   defining Unicode char U+2019 (decimal 8217)
   defining Unicode char U+201C (decimal 8220)
   defining Unicode char U+201D (decimal 8221)
   defining Unicode char U+3001 (decimal 12289)
   defining Unicode char U+3002 (decimal 12290)
   defining Unicode char U+3008 (decimal 12296)
   defining Unicode char U+3009 (decimal 12297)
   defining Unicode char U+300A (decimal 12298)
   defining Unicode char U+300B (decimal 12299)
   defining Unicode char U+300C (decimal 12300)
   defining Unicode char U+300D (decimal 12301)
   defining Unicode char U+300E (decimal 12302)
   defining Unicode char U+300F (decimal 12303)
   defining Unicode char U+3010 (decimal 12304)
   defining Unicode char U+3011 (decimal 12305)
   defining Unicode char U+3014 (decimal 12308)
   defining Unicode char U+3015 (decimal 12309)
   defining Unicode char U+3016 (decimal 12310)
   defining Unicode char U+3017 (decimal 12311)
   defining Unicode char U+3018 (decimal 12312)
   defining Unicode char U+3019 (decimal 12313)
   defining Unicode char U+301A (decimal 12314)
   defining Unicode char U+301B (decimal 12315)
   defining Unicode char U+FF01 (decimal 65281)
   defining Unicode char U+FF08 (decimal 65288)
   defining Unicode char U+FF09 (decimal 65289)
   defining Unicode char U+FF0C (decimal 65292)
   defining Unicode char U+FF0E (decimal 65294)
   defining Unicode char U+FF1A (decimal 65306)
   defining Unicode char U+FF1B (decimal 65307)
   defining Unicode char U+FF1C (decimal 65308)
   defining Unicode char U+FF1D (decimal 65309)
   defining Unicode char U+FF1E (decimal 65310)
   defining Unicode char U+FF1F (decimal 65311)
   defining Unicode char U+FF3B (decimal 65339)
   defining Unicode char U+FF3D (decimal 65341)
   defining Unicode char U+FF5B (decimal 65371)
   defining Unicode char U+FF5D (decimal 65373)
   defining Unicode char U+FF61 (decimal 65377)
   defining Unicode char U+FF62 (decimal 65378)
   defining Unicode char U+FF63 (decimal 65379)
   defining Unicode char U+FF64 (decimal 65380)
   defining Unicode char U+FF65 (decimal 65381)
)
\@josa=\count139
\josatoks=\toks24
 (c:/texlive/2018/texmf-dist/tex/latex/cjk-ko/kolabels-utf.sty
Package: kolabels-utf 2015/03/20 v1.5 UTF-8 Hangul item labels
))) (c:/texlive/2018/texmf-dist/tex/latex/hyperref/hyperref.sty
Package: hyperref 2018/02/06 v6.86b Hypertext links for LaTeX
 (c:/texlive/2018/texmf-dist/tex/generic/oberdiek/hobsub-hyperref.sty
Package: hobsub-hyperref 2016/05/16 v1.14 Bundle oberdiek, subset hyperref (HO)
 (c:/texlive/2018/texmf-dist/tex/generic/oberdiek/hobsub-generic.sty
Package: hobsub-generic 2016/05/16 v1.14 Bundle oberdiek, subset generic (HO)
Package: hobsub 2016/05/16 v1.14 Construct package bundles (HO)
Package: infwarerr 2016/05/16 v1.4 Providing info/warning/error messages (HO)
Package: ltxcmds 2016/05/16 v1.23 LaTeX kernel commands for general use (HO)
Package hobsub Info: Skipping package `ifluatex' (already loaded).
Package: ifvtex 2016/05/16 v1.6 Detect VTeX and its facilities (HO)
Package ifvtex Info: VTeX not detected.
Package: intcalc 2016/05/16 v1.2 Expandable calculations with integers (HO)
Package hobsub Info: Skipping package `ifpdf' (already loaded).
Package: etexcmds 2016/05/16 v1.6 Avoid name clashes with e-TeX commands (HO)
Package etexcmds Info: Could not find \expanded.
(etexcmds)             That can mean that you are not using pdfTeX 1.50 or
(etexcmds)             that some package has redefined \expanded.
(etexcmds)             In the latter case, load this package earlier.
Package: kvsetkeys 2016/05/16 v1.17 Key value parser (HO)
Package: kvdefinekeys 2016/05/16 v1.4 Define keys (HO)
Package: pdftexcmds 2018/01/30 v0.27 Utility functions of pdfTeX for LuaTeX (HO)
Package pdftexcmds Info: LuaTeX not detected.
Package pdftexcmds Info: \pdf@primitive is available.
Package pdftexcmds Info: \pdf@ifprimitive is available.
Package pdftexcmds Info: \pdfdraftmode found.
Package: pdfescape 2016/05/16 v1.14 Implements pdfTeX's escape features (HO)
Package: bigintcalc 2016/05/16 v1.4 Expandable calculations on big integers (HO)
Package: bitset 2016/05/16 v1.2 Handle bit-vector datatype (HO)
Package: uniquecounter 2016/05/16 v1.3 Provide unlimited unique counter (HO)
)
Package hobsub Info: Skipping package `hobsub' (already loaded).
Package: letltxmacro 2016/05/16 v1.5 Let assignment for LaTeX macros (HO)
Package: hopatch 2016/05/16 v1.3 Wrapper for package hooks (HO)
Package: xcolor-patch 2016/05/16 xcolor patch
Package: atveryend 2016/05/16 v1.9 Hooks at the very end of document (HO)
Package atveryend Info: \enddocument detected (standard20110627).
Package: atbegshi 2016/06/09 v1.18 At begin shipout hook (HO)
Package: refcount 2016/05/16 v3.5 Data extraction from label references (HO)
Package: hycolor 2016/05/16 v1.8 Color options for hyperref/bookmark (HO)
)
(c:/texlive/2018/texmf-dist/tex/latex/graphics/keyval.sty
Package: keyval 2014/10/28 v1.15 key=value parser (DPC)
\KV@toks@=\toks25
) (c:/texlive/2018/texmf-dist/tex/latex/oberdiek/auxhook.sty
Package: auxhook 2016/05/16 v1.4 Hooks for auxiliary files (HO)
) (c:/texlive/2018/texmf-dist/tex/latex/oberdiek/kvoptions.sty
Package: kvoptions 2016/05/16 v3.12 Key value format for package options (HO)
)
\@linkdim=\dimen148
\Hy@linkcounter=\count140
\Hy@pagecounter=\count141
 (c:/texlive/2018/texmf-dist/tex/latex/hyperref/pd1enc.def
File: pd1enc.def 2018/02/06 v6.86b Hyperref: PDFDocEncoding definition (HO)
Now handling font encoding PD1 ...
... no UTF-8 mapping file for font encoding PD1
)
\Hy@SavedSpaceFactor=\count142
 (c:/texlive/2018/texmf-dist/tex/latex/latexconfig/hyperref.cfg
File: hyperref.cfg 2002/06/06 v1.2 hyperref configuration of TeXLive
)
Package hyperref Info: Option `breaklinks' set `true' on input line 4383.
Package hyperref Info: Hyper figures OFF on input line 4509.
Package hyperref Info: Link nesting OFF on input line 4514.
Package hyperref Info: Hyper index ON on input line 4517.
Package hyperref Info: Plain pages OFF on input line 4524.
Package hyperref Info: Backreferencing OFF on input line 4529.
Package hyperref Info: Implicit mode ON; LaTeX internals redefined.
Package hyperref Info: Bookmarks ON on input line 4762.
\c@Hy@tempcnt=\count143
 (c:/texlive/2018/texmf-dist/tex/latex/url/url.sty
\Urlmuskip=\muskip10
Package: url 2013/09/16  ver 3.4  Verb mode for urls, etc.
)
LaTeX Info: Redefining \url on input line 5115.
\XeTeXLinkMargin=\dimen149
\Fld@menulength=\count144
\Field@Width=\dimen150
\Fld@charsize=\dimen151
Package hyperref Info: Hyper figures OFF on input line 6369.
Package hyperref Info: Link nesting OFF on input line 6374.
Package hyperref Info: Hyper index ON on input line 6377.
Package hyperref Info: backreferencing OFF on input line 6384.
Package hyperref Info: Link coloring OFF on input line 6389.
Package hyperref Info: Link coloring with OCG OFF on input line 6394.
Package hyperref Info: PDF/A mode OFF on input line 6399.
LaTeX Info: Redefining \ref on input line 6439.
LaTeX Info: Redefining \pageref on input line 6443.
\Hy@abspage=\count145
\c@Item=\count146
\c@Hfootnote=\count147
) (c:/texlive/2018/texmf-dist/tex/latex/memoir/memhfixc.sty
Package: memhfixc 2013/05/30 v1.17 nameref/hyperref package fixes for memoir class
\c@memhycontfloat=\count148
\c@Hpagenote=\count149
)
Package hyperref Info: Driver (autodetected): hpdftex.
 (c:/texlive/2018/texmf-dist/tex/latex/hyperref/hpdftex.def
File: hpdftex.def 2018/02/06 v6.86b Hyperref driver for pdfTeX
\Fld@listcount=\count150
\c@bookmark@seq@number=\count151
 (c:/texlive/2018/texmf-dist/tex/latex/oberdiek/rerunfilecheck.sty
Package: rerunfilecheck 2016/05/16 v1.8 Rerun checks for auxiliary files (HO)
Package uniquecounter Info: New unique counter `rerunfilecheck' on input line 282.
)
\Hy@SectionHShift=\skip185
)
Package hyperref Info: Option `colorlinks' set `true' on input line 8.
 (./lump-of-meat.aux

LaTeX Warning: Label `section' multiply defined.

)
\openout1 = `lump-of-meat.aux'.

LaTeX Font Info:    Checking defaults for OML/cmm/m/it on input line 14.
LaTeX Font Info:    ... okay on input line 14.
LaTeX Font Info:    Checking defaults for T1/cmr/m/n on input line 14.
LaTeX Font Info:    ... okay on input line 14.
LaTeX Font Info:    Checking defaults for OT1/cmr/m/n on input line 14.
LaTeX Font Info:    ... okay on input line 14.
LaTeX Font Info:    Checking defaults for OMS/cmsy/m/n on input line 14.
LaTeX Font Info:    ... okay on input line 14.
LaTeX Font Info:    Checking defaults for OMX/cmex/m/n on input line 14.
LaTeX Font Info:    ... okay on input line 14.
LaTeX Font Info:    Checking defaults for U/cmr/m/n on input line 14.
LaTeX Font Info:    ... okay on input line 14.
LaTeX Font Info:    Checking defaults for LUC/nanummj/m/n on input line 14.
LaTeX Font Info:    Try loading font information for LUC+nanummj on input line 14.
 (c:/texlive/2018/texmf-dist/tex/latex/nanumtype1/lucnanummj.fd
File: lucnanummj.fd 2013/02/12 v0.1 Nanum Myeongjo font definitions
)
LaTeX Font Info:    ... okay on input line 14.
LaTeX Font Info:    Checking defaults for PD1/pdf/m/n on input line 14.
LaTeX Font Info:    ... okay on input line 14.
\AtBeginShipoutBox=\box29
 (c:/texlive/2018/texmf-dist/tex/latex/graphics/color.sty
Package: color 2016/07/10 v1.1e Standard LaTeX Color (DPC)
 (c:/texlive/2018/texmf-dist/tex/latex/graphics-cfg/color.cfg
File: color.cfg 2016/01/02 v1.6 sample color configuration
)
Package color Info: Driver file: pdftex.def on input line 147.
 (c:/texlive/2018/texmf-dist/tex/latex/graphics-def/pdftex.def
File: pdftex.def 2018/01/08 v1.0l Graphics/color driver for pdftex
 (c:/texlive/2018/texmf-dist/tex/context/base/mkii/supp-pdf.mkii
[Loading MPS to PDF converter (version 2006.09.02).]
\scratchcounter=\count152
\scratchdimen=\dimen152
\scratchbox=\box30
\nofMPsegments=\count153
\nofMParguments=\count154
\everyMPshowfont=\toks26
\MPscratchCnt=\count155
\MPscratchDim=\dimen153
\MPnumerator=\count156
\makeMPintoPDFobject=\count157
\everyMPtoPDFconversion=\toks27
)))
Package hyperref Info: Link coloring ON on input line 14.
 (c:/texlive/2018/texmf-dist/tex/latex/hyperref/nameref.sty
Package: nameref 2016/05/21 v2.44 Cross-referencing by name of section
 (c:/texlive/2018/texmf-dist/tex/generic/oberdiek/gettitlestring.sty
Package: gettitlestring 2016/05/16 v1.5 Cleanup title references (HO)
)
\c@section@level=\count158
)
Redoing nameref's sectioning
Redoing nameref's label
LaTeX Info: Redefining \nameref on input line 14.
LaTeX Info: Redefining \ref on input line 14.
LaTeX Info: Redefining \pageref on input line 14.
LaTeX Info: Redefining \nameref on input line 14.
(./lump-of-meat.out) (./lump-of-meat.out)
\@outlinefile=\write4
\openout4 = `lump-of-meat.out'.

LaTeX Font Info:    External font `cmex10' loaded for size
(Font)              <12> on input line 18.
LaTeX Font Info:    External font `cmex10' loaded for size
(Font)              <8> on input line 18.
LaTeX Font Info:    External font `cmex10' loaded for size
(Font)              <6> on input line 18.
 [1


{c:/texlive/2018/texmf-var/fonts/map/pdftex/updmap/pdftex.map}] [2

] (./manuscript/latex/wish-luck.tex
Runaway argument?
{
./manuscript/latex/wish-luck.tex:2: Paragraph ended before \hypertarget was complete.
<to be read again> 
                   \par 
l.2 
    
I suspect you've forgotten a `}', causing me to apply this
control sequence to too much text. How can we recover?
My plan is to forget the whole thing and hope for the best.

./manuscript/latex/wish-luck.tex:3: Too many }'s.
l.3 ...ã§}\label{uxd589uxc6b4uxc744-uxbe4cuxb2e4}}
                                                  
You've closed more groups than you opened.
Such booboos are generally harmless, so keep going.


Underfull \hbox (badness 10000) in paragraph at lines 7--8

 []


Underfull \hbox (badness 10000) in paragraph at lines 9--10

 []


Underfull \hbox (badness 10000) in paragraph at lines 11--12

 []


Underfull \vbox (badness 6078) has occurred while \output is active []

 [1


]) (./manuscript/latex/head-over-heels.tex
Runaway argument?
{
./manuscript/latex/head-over-heels.tex:2: Paragraph ended before \hypertarget was complete.
<to be read again> 
                   \par 
l.2 
    
I suspect you've forgotten a `}', causing me to apply this
control sequence to too much text. How can we recover?
My plan is to forget the whole thing and hope for the best.

[2]
./manuscript/latex/head-over-heels.tex:3: Too many }'s.
l.3 ...¥ÏßÑ ÎÇ†}\label{uxb118uxc5b4uxc9c4-uxb0a0}}
                                                  
You've closed more groups than you opened.
Such booboos are generally harmless, so keep going.


Underfull \vbox (badness 10000) has occurred while \output is active []

 [3

]) (./manuscript/latex/hunger.tex
Runaway argument?
{
./manuscript/latex/hunger.tex:2: Paragraph ended before \hypertarget was complete.
<to be read again> 
                   \par 
l.2 
    
I suspect you've forgotten a `}', causing me to apply this
control sequence to too much text. How can we recover?
My plan is to forget the whole thing and hope for the best.

[4]
./manuscript/latex/hunger.tex:3: Too many }'s.
l.3 \chapter{ÌóàÍ∏∞}\label{uxd5c8uxae30}}
                                         
You've closed more groups than you opened.
Such booboos are generally harmless, so keep going.


Underfull \hbox (badness 10000) in paragraph at lines 7--8

 []


Underfull \hbox (badness 10000) in paragraph at lines 13--14

 []


Underfull \vbox (badness 6078) has occurred while \output is active []

 [5

]
Underfull \hbox (badness 10000) in paragraph at lines 19--20

 []


Underfull \hbox (badness 10000) in paragraph at lines 21--22

 []

) (./manuscript/latex/sin02.tex
Runaway argument?
{
./manuscript/latex/sin02.tex:2: Paragraph ended before \hypertarget was complete.
<to be read again> 
                   \par 
l.2 
    
I suspect you've forgotten a `}', causing me to apply this
control sequence to too much text. How can we recover?
My plan is to forget the whole thing and hope for the best.

[6]
./manuscript/latex/sin02.tex:3: Too many }'s.
l.3 \chapter{sin 02}\label{sin-02}}
                                   
You've closed more groups than you opened.
Such booboos are generally harmless, so keep going.


Underfull \vbox (badness 10000) has occurred while \output is active []

 [7

]) (./manuscript/latex/dead-of-neighbor.tex
Runaway argument?
{
./manuscript/latex/dead-of-neighbor.tex:2: Paragraph ended before \hypertarget was complete.
<to be read again> 
                   \par 
l.2 
    
I suspect you've forgotten a `}', causing me to apply this
control sequence to too much text. How can we recover?
My plan is to forget the whole thing and hope for the best.

[8]
./manuscript/latex/dead-of-neighbor.tex:3: Too many }'s.
l.3 ...ùå}\label{uxc774uxc6c3uxc758-uxc8fduxc74c}}
                                                  
You've closed more groups than you opened.
Such booboos are generally harmless, so keep going.


Underfull \hbox (badness 10000) in paragraph at lines 7--8

 []


Underfull \hbox (badness 10000) in paragraph at lines 9--10

 []


Underfull \hbox (badness 10000) in paragraph at lines 11--12

 []


Underfull \vbox (badness 10000) has occurred while \output is active []

 [9

]
Underfull \hbox (badness 10000) in paragraph at lines 13--14

 []


Underfull \hbox (badness 10000) in paragraph at lines 15--16

 []


Underfull \hbox (badness 10000) in paragraph at lines 17--18

 []


Underfull \hbox (badness 10000) in paragraph at lines 19--20

 []


Underfull \hbox (badness 10000) in paragraph at lines 21--22

 []


Underfull \hbox (badness 10000) in paragraph at lines 23--24

 []

[10]
Underfull \hbox (badness 10000) in paragraph at lines 25--26

 []


Underfull \hbox (badness 10000) in paragraph at lines 27--28

 []


Underfull \hbox (badness 10000) in paragraph at lines 29--30

 []


Underfull \hbox (badness 10000) in paragraph at lines 31--32

 []

) (./manuscript/latex/sin01.tex
Runaway argument?
{
./manuscript/latex/sin01.tex:2: Paragraph ended before \hypertarget was complete.
<to be read again> 
                   \par 
l.2 
    
I suspect you've forgotten a `}', causing me to apply this
control sequence to too much text. How can we recover?
My plan is to forget the whole thing and hope for the best.

[11] [12

]
./manuscript/latex/sin01.tex:3: Too many }'s.
l.3 \chapter{sin 01}\label{sin-01}}
                                   
You've closed more groups than you opened.
Such booboos are generally harmless, so keep going.


Underfull \hbox (badness 10000) in paragraph at lines 7--8

 []


Underfull \hbox (badness 10000) in paragraph at lines 9--10

 []


Underfull \hbox (badness 10000) in paragraph at lines 11--12

 []


Underfull \vbox (badness 10000) has occurred while \output is active []

 [13]
Underfull \hbox (badness 10000) in paragraph at lines 13--14

 []


Underfull \hbox (badness 10000) in paragraph at lines 15--16

 []


Underfull \hbox (badness 10000) in paragraph at lines 21--22

 []


Underfull \hbox (badness 10000) in paragraph at lines 23--24

 []


Underfull \hbox (badness 10000) in paragraph at lines 29--30

 []


Underfull \hbox (badness 10000) in paragraph at lines 35--36

 []


Underfull \hbox (badness 10000) in paragraph at lines 37--38

 []

[14]
Underfull \hbox (badness 10000) in paragraph at lines 39--40

 []


Underfull \hbox (badness 10000) in paragraph at lines 41--42

 []


Underfull \hbox (badness 10000) in paragraph at lines 47--48

 []


Underfull \hbox (badness 10000) in paragraph at lines 49--50

 []


Underfull \hbox (badness 10000) in paragraph at lines 51--52

 []


Underfull \hbox (badness 10000) in paragraph at lines 57--58

 []

) (./manuscript/latex/72.tex
Runaway argument?
{
./manuscript/latex/72.tex:2: Paragraph ended before \hypertarget was complete.
<to be read again> 
                   \par 
l.2 
    
I suspect you've forgotten a `}', causing me to apply this
control sequence to too much text. How can we recover?
My plan is to forget the whole thing and hope for the best.

[15] [16

]
./manuscript/latex/72.tex:3: Too many }'s.
l.3 \chapter{72}\label{section}}
                                
You've closed more groups than you opened.
Such booboos are generally harmless, so keep going.


Underfull \vbox (badness 10000) has occurred while \output is active []

 [17]
Underfull \hbox (badness 10000) in paragraph at lines 27--28

 []


Underfull \hbox (badness 10000) in paragraph at lines 29--30

 []


Underfull \hbox (badness 10000) in paragraph at lines 31--32

 []

[18]
Underfull \hbox (badness 10000) in paragraph at lines 33--34

 []

) (./manuscript/latex/endpoint.tex
Runaway argument?
{
./manuscript/latex/endpoint.tex:2: Paragraph ended before \hypertarget was complete.
<to be read again> 
                   \par 
l.2 
    
I suspect you've forgotten a `}', causing me to apply this
control sequence to too much text. How can we recover?
My plan is to forget the whole thing and hope for the best.

[19] [20

]
./manuscript/latex/endpoint.tex:3: Too many }'s.
l.3 \chapter{Ï¢ÖÏ∞©ÏßÄ}\label{uxc885uxcc29uxc9c0}}
                                                  
You've closed more groups than you opened.
Such booboos are generally harmless, so keep going.


Underfull \vbox (badness 10000) has occurred while \output is active []

 [21] [22] [23] [24] [25]) (./manuscript/latex/aftercare.tex
Runaway argument?
{
./manuscript/latex/aftercare.tex:2: Paragraph ended before \hypertarget was complete.
<to be read again> 
                   \par 
l.2 
    
I suspect you've forgotten a `}', causing me to apply this
control sequence to too much text. How can we recover?
My plan is to forget the whole thing and hope for the best.

[26]
./manuscript/latex/aftercare.tex:3: Too many }'s.
l.3 \chapter{ÌõÑÏùºÎã¥}\label{uxd6c4uxc77cuxb2f4}}
                                                  
You've closed more groups than you opened.
Such booboos are generally harmless, so keep going.


Underfull \vbox (badness 10000) has occurred while \output is active []

 [27

] [28]
Runaway argument?
{
./manuscript/latex/aftercare.tex:16: Paragraph ended before \hypertarget was complete.
<to be read again> 
                   \par 
l.16 
     
I suspect you've forgotten a `}', causing me to apply this
control sequence to too much text. How can we recover?
My plan is to forget the whole thing and hope for the best.

./manuscript/latex/aftercare.tex:17: Too many }'s.
l.17 \section{}\label{section}}
                               
You've closed more groups than you opened.
Such booboos are generally harmless, so keep going.

[29] [30]
Runaway argument?
{
./manuscript/latex/aftercare.tex:34: Paragraph ended before \hypertarget was complete.
<to be read again> 
                   \par 
l.34 
     
I suspect you've forgotten a `}', causing me to apply this
control sequence to too much text. How can we recover?
My plan is to forget the whole thing and hope for the best.

./manuscript/latex/aftercare.tex:35: Too many }'s.
l.35 \section{}\label{section-1}}
                                 
You've closed more groups than you opened.
Such booboos are generally harmless, so keep going.

[31] [32]) (./manuscript/latex/horizon.tex
Runaway argument?
{
./manuscript/latex/horizon.tex:2: Paragraph ended before \hypertarget was complete.
<to be read again> 
                   \par 
l.2 
    
I suspect you've forgotten a `}', causing me to apply this
control sequence to too much text. How can we recover?
My plan is to forget the whole thing and hope for the best.

[33] [34

]
./manuscript/latex/horizon.tex:3: Too many }'s.
l.3 ...bel{uxc0acuxac74uxc758-uxc9c0uxd3c9uxc120}}
                                                  
You've closed more groups than you opened.
Such booboos are generally harmless, so keep going.


Underfull \vbox (badness 10000) has occurred while \output is active []

 [35]
Overfull \hbox (448.37083pt too wide) in paragraph at lines 31--32
[]
 []

[36]) (./manuscript/latex/canada.tex
Runaway argument?
{
./manuscript/latex/canada.tex:2: Paragraph ended before \hypertarget was complete.
<to be read again> 
                   \par 
l.2 
    
I suspect you've forgotten a `}', causing me to apply this
control sequence to too much text. How can we recover?
My plan is to forget the whole thing and hope for the best.

[37] [38

]
./manuscript/latex/canada.tex:3: Too many }'s.
l.3 ...xce90uxb098uxb2e4uxad6cuxc2a4uxb2e4uxc6b4}}
                                                  
You've closed more groups than you opened.
Such booboos are generally harmless, so keep going.


Underfull \vbox (badness 10000) has occurred while \output is active []

 [39] [40] [41]) [42]
Package atveryend Info: Empty hook `BeforeClearDocument' on input line 35.
Package atveryend Info: Empty hook `AfterLastShipout' on input line 35.
 (./lump-of-meat.aux)
Package atveryend Info: Executing hook `AtVeryEndDocument' on input line 35.
Package atveryend Info: Executing hook `AtEndAfterFileList' on input line 35.
Package rerunfilecheck Info: File `lump-of-meat.out' has not changed.
(rerunfilecheck)             Checksum: FB8CF90F30A0E7CBB0F396671263821A;536.


LaTeX Warning: There were multiply-defined labels.

Package atveryend Info: Empty hook `AtVeryVeryEnd' on input line 35.
 ) 
Here is how much of TeX's memory you used:
 8731 strings out of 492649
 126476 string characters out of 6133384
 246014 words of memory out of 5000000
 12393 multiletter control sequences out of 15000+600000
 44180 words of font info for 147 fonts, out of 8000000 for 9000
 1141 hyphenation exceptions out of 8191
 39i,13n,29p,2086b,483s stack positions out of 5000i,500n,10000p,200000b,80000s
<c:/texlive/2018/texmf-dist/fonts/type1/public/amsfonts/cm/cmbx12.pfb><c:/texlive/2018/texmf-dist/fonts/type1/public/amsfonts/cm/cmr10.pfb><c:/texlive/2018/texmf-dist/fonts/type1/public/amsfonts/cm/cmr12.pfb><c:/texlive/2018/texmf-dist/fonts/type1/public/amsfonts/cm/cmsl10.pfb><c:/texlive/2018/texmf-dist/fonts/type1/public/nanumtype1/nanummjbac.pfb><c:/texlive/2018/texmf-dist/fonts/type1/public/nanumtype1/nanummjbad.pfb><c:/texlive/2018/texmf-dist/fonts/type1/public/nanumtype1/nanummjbae.pfb><c:/texlive/2018/texmf-dist/fonts/type1/public/nanumtype1/nanummjbb0.pfb><c:/texlive/2018/texmf-dist/fonts/type1/public/nanumtype1/nanummjbb1.pfb><c:/texlive/2018/texmf-dist/fonts/type1/public/nanumtype1/nanummjbb2.pfb><c:/texlive/2018/texmf-dist/fonts/type1/public/nanumtype1/nanummjbb3.pfb><c:/texlive/2018/texmf-dist/fonts/type1/public/nanumtype1/nanummjbb8.pfb><c:/texlive/2018/texmf-dist/fonts/type1/public/nanumtype1/nanummjbb9.pfb><c:/texlive/2018/texmf-dist/fonts/type1/public/nanumtype1/nanum
mjbba.pfb><c:/texlive/2018/texmf-dist/fonts/type1/public/nanumtype1/nanummjbbc.pfb><c:/texlive/2018/texmf-dist/fonts/type1/public/nanumtype1/nanummjbbd.pfb><c:/texlive/2018/texmf-dist/fonts/type1/public/nanumtype1/nanummjbbe.pfb><c:/texlive/2018/texmf-dist/fonts/type1/public/nanumtype1/nanummjbc0.pfb><c:/texlive/2018/texmf-dist/fonts/type1/public/nanumtype1/nanummjbc1.pfb><c:/texlive/2018/texmf-dist/fonts/type1/public/nanumtype1/nanummjbc2.pfb><c:/texlive/2018/texmf-dist/fonts/type1/public/nanumtype1/nanummjbc5.pfb><c:/texlive/2018/texmf-dist/fonts/type1/public/nanumtype1/nanummjbc6.pfb><c:/texlive/2018/texmf-dist/fonts/type1/public/nanumtype1/nanummjbc7.pfb><c:/texlive/2018/texmf-dist/fonts/type1/public/nanumtype1/nanummjbc8.pfb><c:/texlive/2018/texmf-dist/fonts/type1/public/nanumtype1/nanummjbc9.pfb><c:/texlive/2018/texmf-dist/fonts/type1/public/nanumtype1/nanummjbcc.pfb><c:/texlive/2018/texmf-dist/fonts/type1/public/nanumtype1/nanummjbcd.pfb><c:/texlive/2018/texmf-dist/fonts/type1/p
ublic/nanumtype1/nanummjbce.pfb><c:/texlive/2018/texmf-dist/fonts/type1/public/nanumtype1/nanummjbd3.pfb><c:/texlive/2018/texmf-dist/fonts/type1/public/nanumtype1/nanummjbd5.pfb><c:/texlive/2018/texmf-dist/fonts/type1/public/nanumtype1/nanummjbd6.pfb><c:/texlive/2018/texmf-dist/fonts/type1/public/nanumtype1/nanummjmac.pfb><c:/texlive/2018/texmf-dist/fonts/type1/public/nanumtype1/nanummjmac.pfb><c:/texlive/2018/texmf-dist/fonts/type1/public/nanumtype1/nanummjmad.pfb><c:/texlive/2018/texmf-dist/fonts/type1/public/nanumtype1/nanummjmad.pfb><c:/texlive/2018/texmf-dist/fonts/type1/public/nanumtype1/nanummjmae.pfb><c:/texlive/2018/texmf-dist/fonts/type1/public/nanumtype1/nanummjmae.pfb><c:/texlive/2018/texmf-dist/fonts/type1/public/nanumtype1/nanummjmaf.pfb><c:/texlive/2018/texmf-dist/fonts/type1/public/nanumtype1/nanummjmb0.pfb><c:/texlive/2018/texmf-dist/fonts/type1/public/nanumtype1/nanummjmb0.pfb><c:/texlive/2018/texmf-dist/fonts/type1/public/nanumtype1/nanummjmb1.pfb><c:/texlive/2018/te
xmf-dist/fonts/type1/public/nanumtype1/nanummjmb1.pfb><c:/texlive/2018/texmf-dist/fonts/type1/public/nanumtype1/nanummjmb2.pfb><c:/texlive/2018/texmf-dist/fonts/type1/public/nanumtype1/nanummjmb2.pfb><c:/texlive/2018/texmf-dist/fonts/type1/public/nanumtype1/nanummjmb3.pfb><c:/texlive/2018/texmf-dist/fonts/type1/public/nanumtype1/nanummjmb4.pfb><c:/texlive/2018/texmf-dist/fonts/type1/public/nanumtype1/nanummjmb5.pfb><c:/texlive/2018/texmf-dist/fonts/type1/public/nanumtype1/nanummjmb6.pfb><c:/texlive/2018/texmf-dist/fonts/type1/public/nanumtype1/nanummjmb7.pfb><c:/texlive/2018/texmf-dist/fonts/type1/public/nanumtype1/nanummjmb8.pfb><c:/texlive/2018/texmf-dist/fonts/type1/public/nanumtype1/nanummjmb9.pfb><c:/texlive/2018/texmf-dist/fonts/type1/public/nanumtype1/nanummjmba.pfb><c:/texlive/2018/texmf-dist/fonts/type1/public/nanumtype1/nanummjmbb.pfb><c:/texlive/2018/texmf-dist/fonts/type1/public/nanumtype1/nanummjmbc.pfb><c:/texlive/2018/texmf-dist/fonts/type1/public/nanumtype1/nanummjmbd.p
fb><c:/texlive/2018/texmf-dist/fonts/type1/public/nanumtype1/nanummjmbe.pfb><c:/texlive/2018/texmf-dist/fonts/type1/public/nanumtype1/nanummjmbe.pfb><c:/texlive/2018/texmf-dist/fonts/type1/public/nanumtype1/nanummjmbf.pfb><c:/texlive/2018/texmf-dist/fonts/type1/public/nanumtype1/nanummjmc0.pfb><c:/texlive/2018/texmf-dist/fonts/type1/public/nanumtype1/nanummjmc0.pfb><c:/texlive/2018/texmf-dist/fonts/type1/public/nanumtype1/nanummjmc1.pfb><c:/texlive/2018/texmf-dist/fonts/type1/public/nanumtype1/nanummjmc1.pfb><c:/texlive/2018/texmf-dist/fonts/type1/public/nanumtype1/nanummjmc2.pfb><c:/texlive/2018/texmf-dist/fonts/type1/public/nanumtype1/nanummjmc2.pfb><c:/texlive/2018/texmf-dist/fonts/type1/public/nanumtype1/nanummjmc3.pfb><c:/texlive/2018/texmf-dist/fonts/type1/public/nanumtype1/nanummjmc4.pfb><c:/texlive/2018/texmf-dist/fonts/type1/public/nanumtype1/nanummjmc5.pfb><c:/texlive/2018/texmf-dist/fonts/type1/public/nanumtype1/nanummjmc5.pfb><c:/texlive/2018/texmf-dist/fonts/type1/public/n
anumtype1/nanummjmc6.pfb><c:/texlive/2018/texmf-dist/fonts/type1/public/nanumtype1/nanummjmc6.pfb><c:/texlive/2018/texmf-dist/fonts/type1/public/nanumtype1/nanummjmc7.pfb><c:/texlive/2018/texmf-dist/fonts/type1/public/nanumtype1/nanummjmc7.pfb><c:/texlive/2018/texmf-dist/fonts/type1/public/nanumtype1/nanummjmc8.pfb><c:/texlive/2018/texmf-dist/fonts/type1/public/nanumtype1/nanummjmc8.pfb><c:/texlive/2018/texmf-dist/fonts/type1/public/nanumtype1/nanummjmc9.pfb><c:/texlive/2018/texmf-dist/fonts/type1/public/nanumtype1/nanummjmc9.pfb><c:/texlive/2018/texmf-dist/fonts/type1/public/nanumtype1/nanummjmca.pfb><c:/texlive/2018/texmf-dist/fonts/type1/public/nanumtype1/nanummjmcb.pfb><c:/texlive/2018/texmf-dist/fonts/type1/public/nanumtype1/nanummjmcc.pfb><c:/texlive/2018/texmf-dist/fonts/type1/public/nanumtype1/nanummjmcc.pfb><c:/texlive/2018/texmf-dist/fonts/type1/public/nanumtype1/nanummjmcd.pfb><c:/texlive/2018/texmf-dist/fonts/type1/public/nanumtype1/nanummjmce.pfb><c:/texlive/2018/texmf-dis
t/fonts/type1/public/nanumtype1/nanummjmce.pfb><c:/texlive/2018/texmf-dist/fonts/type1/public/nanumtype1/nanummjmcf.pfb><c:/texlive/2018/texmf-dist/fonts/type1/public/nanumtype1/nanummjmd0.pfb><c:/texlive/2018/texmf-dist/fonts/type1/public/nanumtype1/nanummjmd1.pfb><c:/texlive/2018/texmf-dist/fonts/type1/public/nanumtype1/nanummjmd2.pfb><c:/texlive/2018/texmf-dist/fonts/type1/public/nanumtype1/nanummjmd3.pfb><c:/texlive/2018/texmf-dist/fonts/type1/public/nanumtype1/nanummjmd3.pfb><c:/texlive/2018/texmf-dist/fonts/type1/public/nanumtype1/nanummjmd4.pfb><c:/texlive/2018/texmf-dist/fonts/type1/public/nanumtype1/nanummjmd5.pfb><c:/texlive/2018/texmf-dist/fonts/type1/public/nanumtype1/nanummjmd5.pfb><c:/texlive/2018/texmf-dist/fonts/type1/public/nanumtype1/nanummjmd6.pfb><c:/texlive/2018/texmf-dist/fonts/type1/public/nanumtype1/nanummjmd6.pfb><c:/texlive/2018/texmf-dist/fonts/type1/public/nanumtype1/nanummjmd7.pfb>
Output written on lump-of-meat.pdf (44 pages, 4173563 bytes).
PDF statistics:
 644 PDF objects out of 1000 (max. 8388607)
 498 compressed objects within 5 object streams
 58 named destinations out of 1000 (max. 500000)
 105 words of extra memory for PDF output out of 10000 (max. 10000000)

